[thoughtful-choices-798231.gyrusiq.app/index.html]
[backblue.gif]
[fade.gif]
[index.html]
[thoughtful-choices-798231.gyrusiq.app/blog.html]
[thoughtful-choices-798231.gyrusiq.app/contact.html]
[gyrusiqusercontent.com/images/EdYwMQFSY0q3kCvKPrFpiTV5w.png]
[gyrusiqusercontent.com/images/iWjIPE13Flu0JP6l05DPEJQ833b.png]
[gyrusiqusercontent.com/images/46yWpjkwWiKJojGTr2NKnNPtJ1c.jpg]
[gyrusiqusercontent.com/images/GuFZFCQnRSOpKJkAPlCkaRUGIjc.png]
[gyrusiqusercontent.com/images/TXdiLXbrEnofSFENzswfxpdKpc.png]
[gyrusiqusercontent.com/images/G1bC6MQnKLl8c7ZyjwpJlVGuwadb4.jpg]
[gyrusiqusercontent.com/images/BgsxdPJJZ3faakDHp1W2WcB8CoM1915.jpg]
[gyrusiqusercontent.com/images/XeoHxv0ErFoyqieN2PppKnGRd2o7ba4.jpg]
[gyrusiqusercontent.com/images/2brzgXS5fJHHMvAH83vgl5m8KTIadb0.jpg]
[gyrusiqusercontent.com/images/mCkhYgyE0LSy9RJ4nVmmGTpAjLA74b3.jpg]
[gyrusiqusercontent.com/images/YGV3hSM1KkFRZxZ0JDeOT7ry7u4f0da.jpg]
[gyrusiqusercontent.com/images/cy4wavbyt81gvoWNZYNvS2mmo8a722.png]
[gyrusiqusercontent.com/images/JIIlDuVwdfJZuOpFYqQevpNQRrUa722.png]
[gyrusiqusercontent.com/images/meD9qS8xpKRajRR77S85wY5Mv8Ab7d3.png]
[gyrusiqusercontent.com/images/XFFLjET4kskD3uCeXXbsOEjEa722.png]
[gyrusiqusercontent.com/images/JR3P7kajBqC7kAHbwF66sBvACw083f.png]
[gyrusiqusercontent.com/images/XNaoO5zh0Xr50RaXTmjSPo5d20.jpg]
[thoughtful-choices-798231.gyrusiq.app/privacy.html]
[thoughtful-choices-798231.gyrusiq.app/index.html]
[thoughtful-choices-798231.gyrusiq.app/blog.html]
[thoughtful-choices-798231.gyrusiq.app/contact.html]
[thoughtful-choices-798231.gyrusiq.app/privacy.html]
[thoughtful-choices-798231.gyrusiq.app/terms.html]
[thoughtful-choices-798231.gyrusiq.app/terms.html]
[gyrusiqusercontent.com/images/W7xYkGKzPzvnPv58ZBNzxS3JZI8296.jpg]
